<?xml version="1.0" encoding="UTF-8"?>
<testsuites>
  <testsuite name="/app/phpunit.xml" tests="62" assertions="68" errors="30" failures="0" skipped="0" time="1.178719">
    <testsuite name="Unit" tests="16" assertions="16" errors="0" failures="0" skipped="0" time="0.491271">
      <testsuite name="Tests\Unit\AttributeTest" file="tests/Unit/AttributeTest.php" tests="2" assertions="2" errors="0" failures="0" skipped="0" time="0.317878">
        <testcase name="an attribute can be created" file="tests/Unit/AttributeTest.php::an attribute can be created" class="Tests\Unit\AttributeTest" classname="Tests.Unit.AttributeTest" assertions="1" time="0.298536"/>
        <testcase name="an attribute belongs to a lexical entry" file="tests/Unit/AttributeTest.php::an attribute belongs to a lexical entry" class="Tests\Unit\AttributeTest" classname="Tests.Unit.AttributeTest" assertions="1" time="0.019342"/>
      </testsuite>
      <testsuite name="Tests\Unit\ExampleTest" file="Example (Tests\Unit\Example)" tests="1" assertions="1" errors="0" failures="0" skipped="0" time="0.006933">
        <testcase name="That true is true" file="Example (Tests\Unit\Example)::That true is true" class="Tests\Unit\ExampleTest" classname="Tests.Unit.ExampleTest" assertions="1" time="0.006933"/>
      </testsuite>
      <testsuite name="Tests\Unit\LanguageTest" file="tests/Unit/LanguageTest.php" tests="2" assertions="2" errors="0" failures="0" skipped="0" time="0.026053">
        <testcase name="a language can be created" file="tests/Unit/LanguageTest.php::a language can be created" class="Tests\Unit\LanguageTest" classname="Tests.Unit.LanguageTest" assertions="1" time="0.011216"/>
        <testcase name="a language has many lexical entries" file="tests/Unit/LanguageTest.php::a language has many lexical entries" class="Tests\Unit\LanguageTest" classname="Tests.Unit.LanguageTest" assertions="1" time="0.014838"/>
      </testsuite>
      <testsuite name="Tests\Unit\LexicalEntryTest" file="tests/Unit/LexicalEntryTest.php" tests="6" assertions="6" errors="0" failures="0" skipped="0" time="0.075238">
        <testcase name="a lexical entry can be created" file="tests/Unit/LexicalEntryTest.php::a lexical entry can be created" class="Tests\Unit\LexicalEntryTest" classname="Tests.Unit.LexicalEntryTest" assertions="1" time="0.013028"/>
        <testcase name="a lexical entry belongs to a token" file="tests/Unit/LexicalEntryTest.php::a lexical entry belongs to a token" class="Tests\Unit\LexicalEntryTest" classname="Tests.Unit.LexicalEntryTest" assertions="1" time="0.009431"/>
        <testcase name="a lexical entry belongs to a language" file="tests/Unit/LexicalEntryTest.php::a lexical entry belongs to a language" class="Tests\Unit\LexicalEntryTest" classname="Tests.Unit.LexicalEntryTest" assertions="1" time="0.010025"/>
        <testcase name="a lexical entry has many attributes" file="tests/Unit/LexicalEntryTest.php::a lexical entry has many attributes" class="Tests\Unit\LexicalEntryTest" classname="Tests.Unit.LexicalEntryTest" assertions="1" time="0.012639"/>
        <testcase name="a lexical entry has many links" file="tests/Unit/LexicalEntryTest.php::a lexical entry has many links" class="Tests\Unit\LexicalEntryTest" classname="Tests.Unit.LexicalEntryTest" assertions="1" time="0.014294"/>
        <testcase name="a lexical entry has many linked from" file="tests/Unit/LexicalEntryTest.php::a lexical entry has many linked from" class="Tests\Unit\LexicalEntryTest" classname="Tests.Unit.LexicalEntryTest" assertions="1" time="0.015821"/>
      </testsuite>
      <testsuite name="Tests\Unit\LinkTest" file="tests/Unit/LinkTest.php" tests="3" assertions="3" errors="0" failures="0" skipped="0" time="0.039655">
        <testcase name="a link can be created" file="tests/Unit/LinkTest.php::a link can be created" class="Tests\Unit\LinkTest" classname="Tests.Unit.LinkTest" assertions="1" time="0.017974"/>
        <testcase name="a link has a source entry" file="tests/Unit/LinkTest.php::a link has a source entry" class="Tests\Unit\LinkTest" classname="Tests.Unit.LinkTest" assertions="1" time="0.010908"/>
        <testcase name="a link has a target entry" file="tests/Unit/LinkTest.php::a link has a target entry" class="Tests\Unit\LinkTest" classname="Tests.Unit.LinkTest" assertions="1" time="0.010772"/>
      </testsuite>
      <testsuite name="Tests\Unit\TokenTest" file="tests/Unit/TokenTest.php" tests="2" assertions="2" errors="0" failures="0" skipped="0" time="0.025514">
        <testcase name="a token can be created" file="tests/Unit/TokenTest.php::a token can be created" class="Tests\Unit\TokenTest" classname="Tests.Unit.TokenTest" assertions="1" time="0.014873"/>
        <testcase name="a token has many lexical entries" file="tests/Unit/TokenTest.php::a token has many lexical entries" class="Tests\Unit\TokenTest" classname="Tests.Unit.TokenTest" assertions="1" time="0.010641"/>
      </testsuite>
    </testsuite>
    <testsuite name="Feature" tests="46" assertions="52" errors="30" failures="0" skipped="0" time="0.687448">
      <testsuite name="Tests\Feature\AddAttributeCommandTest" file="tests/Feature/AddAttributeCommandTest.php" tests="2" assertions="5" errors="0" failures="0" skipped="0" time="0.024758">
        <testcase name="the add attribute command creates a new attribute" file="tests/Feature/AddAttributeCommandTest.php::the add attribute command creates a new attribute" class="Tests\Feature\AddAttributeCommandTest" classname="Tests.Feature.AddAttributeCommandTest" assertions="3" time="0.016002"/>
        <testcase name="the add attribute command handles missing lexical entry" file="tests/Feature/AddAttributeCommandTest.php::the add attribute command handles missing lexical entry" class="Tests\Feature\AddAttributeCommandTest" classname="Tests.Feature.AddAttributeCommandTest" assertions="2" time="0.008756"/>
      </testsuite>
      <testsuite name="Tests\Feature\AddEntryCommandTest" file="tests/Feature/AddEntryCommandTest.php" tests="3" assertions="7" errors="0" failures="0" skipped="0" time="0.032558">
        <testcase name="the add entry command creates a new lexical entry" file="tests/Feature/AddEntryCommandTest.php::the add entry command creates a new lexical entry" class="Tests\Feature\AddEntryCommandTest" classname="Tests.Feature.AddEntryCommandTest" assertions="3" time="0.013651"/>
        <testcase name="the add entry command handles missing token" file="tests/Feature/AddEntryCommandTest.php::the add entry command handles missing token" class="Tests\Feature\AddEntryCommandTest" classname="Tests.Feature.AddEntryCommandTest" assertions="2" time="0.009576"/>
        <testcase name="the add entry command handles missing language" file="tests/Feature/AddEntryCommandTest.php::the add entry command handles missing language" class="Tests\Feature\AddEntryCommandTest" classname="Tests.Feature.AddEntryCommandTest" assertions="2" time="0.009331"/>
      </testsuite>
      <testsuite name="Tests\Feature\AddLanguageCommandTest" file="tests/Feature/AddLanguageCommandTest.php" tests="2" assertions="5" errors="0" failures="0" skipped="0" time="0.022348">
        <testcase name="the add language command creates a new language" file="tests/Feature/AddLanguageCommandTest.php::the add language command creates a new language" class="Tests\Feature\AddLanguageCommandTest" classname="Tests.Feature.AddLanguageCommandTest" assertions="3" time="0.012916"/>
        <testcase name="the add language command handles existing languages" file="tests/Feature/AddLanguageCommandTest.php::the add language command handles existing languages" class="Tests\Feature\AddLanguageCommandTest" classname="Tests.Feature.AddLanguageCommandTest" assertions="2" time="0.009432"/>
      </testsuite>
      <testsuite name="Tests\Feature\AddLinkCommandTest" file="tests/Feature/AddLinkCommandTest.php" tests="3" assertions="7" errors="0" failures="0" skipped="0" time="0.036284">
        <testcase name="the add link command creates a new link" file="tests/Feature/AddLinkCommandTest.php::the add link command creates a new link" class="Tests\Feature\AddLinkCommandTest" classname="Tests.Feature.AddLinkCommandTest" assertions="3" time="0.015400"/>
        <testcase name="the add link command handles missing source entry" file="tests/Feature/AddLinkCommandTest.php::the add link command handles missing source entry" class="Tests\Feature\AddLinkCommandTest" classname="Tests.Feature.AddLinkCommandTest" assertions="2" time="0.010493"/>
        <testcase name="the add link command handles missing target entry" file="tests/Feature/AddLinkCommandTest.php::the add link command handles missing target entry" class="Tests\Feature\AddLinkCommandTest" classname="Tests.Feature.AddLinkCommandTest" assertions="2" time="0.010391"/>
      </testsuite>
      <testsuite name="Tests\Feature\AddTokenCommandTest" file="tests/Feature/AddTokenCommandTest.php" tests="2" assertions="5" errors="0" failures="0" skipped="0" time="0.022191">
        <testcase name="the add token command creates a new token" file="tests/Feature/AddTokenCommandTest.php::the add token command creates a new token" class="Tests\Feature\AddTokenCommandTest" classname="Tests.Feature.AddTokenCommandTest" assertions="3" time="0.012961"/>
        <testcase name="the add token command handles existing tokens" file="tests/Feature/AddTokenCommandTest.php::the add token command handles existing tokens" class="Tests\Feature\AddTokenCommandTest" classname="Tests.Feature.AddTokenCommandTest" assertions="2" time="0.009230"/>
      </testsuite>
      <testsuite name="Tests\Feature\ExampleTest" file="Example (Tests\Feature\Example)" tests="1" assertions="0" errors="1" failures="0" skipped="0" time="0.062686">
        <testcase name="The application returns a successful response" file="Example (Tests\Feature\Example)::The application returns a successful response" class="Tests\Feature\ExampleTest" classname="Tests.Feature.ExampleTest" assertions="0" time="0.062686">
          <error type="Illuminate\Encryption\MissingAppKeyException">The application returns a successful responseIlluminate\Encryption\MissingAppKeyException: No application encryption key has been specified.
at vendor/laravel/framework/src/Illuminate/Encryption/EncryptionServiceProvider.php:83
at vendor/laravel/framework/src/Illuminate/Support/helpers.php:399
at vendor/laravel/framework/src/Illuminate/Encryption/EncryptionServiceProvider.php:81
at vendor/laravel/framework/src/Illuminate/Encryption/EncryptionServiceProvider.php:64
at vendor/laravel/framework/src/Illuminate/Encryption/EncryptionServiceProvider.php:32
at vendor/laravel/framework/src/Illuminate/Container/Container.php:1153
at vendor/laravel/framework/src/Illuminate/Container/Container.php:971
at vendor/laravel/framework/src/Illuminate/Foundation/Application.php:1077
at vendor/laravel/framework/src/Illuminate/Container/Container.php:902
at vendor/laravel/framework/src/Illuminate/Foundation/Application.php:1057
at vendor/laravel/framework/src/Illuminate/Container/Container.php:1345
at vendor/laravel/framework/src/Illuminate/Container/Container.php:1244
at vendor/laravel/framework/src/Illuminate/Container/Container.php:1195
at vendor/laravel/framework/src/Illuminate/Container/Container.php:971
at vendor/laravel/framework/src/Illuminate/Foundation/Application.php:1077
at vendor/laravel/framework/src/Illuminate/Container/Container.php:902
at vendor/laravel/framework/src/Illuminate/Foundation/Application.php:1057
at vendor/laravel/framework/src/Illuminate/Foundation/Http/Kernel.php:257
at vendor/laravel/framework/src/Illuminate/Foundation/Http/Kernel.php:215
at vendor/laravel/framework/src/Illuminate/Foundation/Testing/Concerns/MakesHttpRequests.php:611
at vendor/laravel/framework/src/Illuminate/Foundation/Testing/Concerns/MakesHttpRequests.php:368
at tests/Feature/ExampleTest.php:15</error>
        </testcase>
      </testsuite>
      <testsuite name="Tests\Feature\ExportOteFileCommandTest" file="tests/Feature/ExportOteFileCommandTest.php" tests="1" assertions="5" errors="0" failures="0" skipped="0" time="0.024543">
        <testcase name="the export ote file command exports data to a file" file="tests/Feature/ExportOteFileCommandTest.php::the export ote file command exports data to a file" class="Tests\Feature\ExportOteFileCommandTest" classname="Tests.Feature.ExportOteFileCommandTest" assertions="5" time="0.024543"/>
      </testsuite>
      <testsuite name="Tests\Feature\ImportOteFileCommandTest" file="tests/Feature/ImportOteFileCommandTest.php" tests="2" assertions="11" errors="0" failures="0" skipped="0" time="0.038937">
        <testcase name="the import ote file command imports data from a file" file="tests/Feature/ImportOteFileCommandTest.php::the import ote file command imports data from a file" class="Tests\Feature\ImportOteFileCommandTest" classname="Tests.Feature.ImportOteFileCommandTest" assertions="9" time="0.029855"/>
        <testcase name="the import ote file command handles missing file" file="tests/Feature/ImportOteFileCommandTest.php::the import ote file command handles missing file" class="Tests\Feature\ImportOteFileCommandTest" classname="Tests.Feature.ImportOteFileCommandTest" assertions="2" time="0.009081"/>
      </testsuite>
      <testsuite name="Tests\Feature\LanguageControllerTest" file="tests/Feature/LanguageControllerTest.php" tests="6" assertions="0" errors="6" failures="0" skipped="0" time="0.069339">
        <testcase name="it displays a list of languages" file="tests/Feature/LanguageControllerTest.php::it displays a list of languages" class="Tests\Feature\LanguageControllerTest" classname="Tests.Feature.LanguageControllerTest" assertions="0" time="0.015677">
          <error type="Illuminate\Encryption\MissingAppKeyException">it displays a list of languagesIlluminate\Encryption\MissingAppKeyException: No application encryption key has been specified.
at vendor/laravel/framework/src/Illuminate/Encryption/EncryptionServiceProvider.php:83
at vendor/laravel/framework/src/Illuminate/Support/helpers.php:399
at vendor/laravel/framework/src/Illuminate/Encryption/EncryptionServiceProvider.php:81
at vendor/laravel/framework/src/Illuminate/Encryption/EncryptionServiceProvider.php:64
at vendor/laravel/framework/src/Illuminate/Encryption/EncryptionServiceProvider.php:32
at vendor/laravel/framework/src/Illuminate/Container/Container.php:1153
at vendor/laravel/framework/src/Illuminate/Container/Container.php:971
at vendor/laravel/framework/src/Illuminate/Foundation/Application.php:1077
at vendor/laravel/framework/src/Illuminate/Container/Container.php:902
at vendor/laravel/framework/src/Illuminate/Foundation/Application.php:1057
at vendor/laravel/framework/src/Illuminate/Container/Container.php:1345
at vendor/laravel/framework/src/Illuminate/Container/Container.php:1244
at vendor/laravel/framework/src/Illuminate/Container/Container.php:1195
at vendor/laravel/framework/src/Illuminate/Container/Container.php:971
at vendor/laravel/framework/src/Illuminate/Foundation/Application.php:1077
at vendor/laravel/framework/src/Illuminate/Container/Container.php:902
at vendor/laravel/framework/src/Illuminate/Foundation/Application.php:1057
at vendor/laravel/framework/src/Illuminate/Foundation/Http/Kernel.php:257
at vendor/laravel/framework/src/Illuminate/Foundation/Http/Kernel.php:215
at vendor/laravel/framework/src/Illuminate/Foundation/Testing/Concerns/MakesHttpRequests.php:611
at vendor/laravel/framework/src/Illuminate/Foundation/Testing/Concerns/MakesHttpRequests.php:368
at tests/Feature/LanguageControllerTest.php:7</error>
        </testcase>
        <testcase name="it displays the create language form" file="tests/Feature/LanguageControllerTest.php::it displays the create language form" class="Tests\Feature\LanguageControllerTest" classname="Tests.Feature.LanguageControllerTest" assertions="0" time="0.010387">
          <error type="Illuminate\Encryption\MissingAppKeyException">it displays the create language formIlluminate\Encryption\MissingAppKeyException: No application encryption key has been specified.
at vendor/laravel/framework/src/Illuminate/Encryption/EncryptionServiceProvider.php:83
at vendor/laravel/framework/src/Illuminate/Support/helpers.php:399
at vendor/laravel/framework/src/Illuminate/Encryption/EncryptionServiceProvider.php:81
at vendor/laravel/framework/src/Illuminate/Encryption/EncryptionServiceProvider.php:64
at vendor/laravel/framework/src/Illuminate/Encryption/EncryptionServiceProvider.php:32
at vendor/laravel/framework/src/Illuminate/Container/Container.php:1153
at vendor/laravel/framework/src/Illuminate/Container/Container.php:971
at vendor/laravel/framework/src/Illuminate/Foundation/Application.php:1077
at vendor/laravel/framework/src/Illuminate/Container/Container.php:902
at vendor/laravel/framework/src/Illuminate/Foundation/Application.php:1057
at vendor/laravel/framework/src/Illuminate/Container/Container.php:1345
at vendor/laravel/framework/src/Illuminate/Container/Container.php:1244
at vendor/laravel/framework/src/Illuminate/Container/Container.php:1195
at vendor/laravel/framework/src/Illuminate/Container/Container.php:971
at vendor/laravel/framework/src/Illuminate/Foundation/Application.php:1077
at vendor/laravel/framework/src/Illuminate/Container/Container.php:902
at vendor/laravel/framework/src/Illuminate/Foundation/Application.php:1057
at vendor/laravel/framework/src/Illuminate/Foundation/Http/Kernel.php:257
at vendor/laravel/framework/src/Illuminate/Foundation/Http/Kernel.php:215
at vendor/laravel/framework/src/Illuminate/Foundation/Testing/Concerns/MakesHttpRequests.php:611
at vendor/laravel/framework/src/Illuminate/Foundation/Testing/Concerns/MakesHttpRequests.php:368
at tests/Feature/LanguageControllerTest.php:13</error>
        </testcase>
        <testcase name="it creates a new language" file="tests/Feature/LanguageControllerTest.php::it creates a new language" class="Tests\Feature\LanguageControllerTest" classname="Tests.Feature.LanguageControllerTest" assertions="0" time="0.010567">
          <error type="Illuminate\Encryption\MissingAppKeyException">it creates a new languageIlluminate\Encryption\MissingAppKeyException: No application encryption key has been specified.
at vendor/laravel/framework/src/Illuminate/Encryption/EncryptionServiceProvider.php:83
at vendor/laravel/framework/src/Illuminate/Support/helpers.php:399
at vendor/laravel/framework/src/Illuminate/Encryption/EncryptionServiceProvider.php:81
at vendor/laravel/framework/src/Illuminate/Encryption/EncryptionServiceProvider.php:64
at vendor/laravel/framework/src/Illuminate/Encryption/EncryptionServiceProvider.php:32
at vendor/laravel/framework/src/Illuminate/Container/Container.php:1153
at vendor/laravel/framework/src/Illuminate/Container/Container.php:971
at vendor/laravel/framework/src/Illuminate/Foundation/Application.php:1077
at vendor/laravel/framework/src/Illuminate/Container/Container.php:902
at vendor/laravel/framework/src/Illuminate/Foundation/Application.php:1057
at vendor/laravel/framework/src/Illuminate/Container/Container.php:1345
at vendor/laravel/framework/src/Illuminate/Container/Container.php:1244
at vendor/laravel/framework/src/Illuminate/Container/Container.php:1195
at vendor/laravel/framework/src/Illuminate/Container/Container.php:971
at vendor/laravel/framework/src/Illuminate/Foundation/Application.php:1077
at vendor/laravel/framework/src/Illuminate/Container/Container.php:902
at vendor/laravel/framework/src/Illuminate/Foundation/Application.php:1057
at vendor/laravel/framework/src/Illuminate/Foundation/Http/Kernel.php:257
at vendor/laravel/framework/src/Illuminate/Foundation/Http/Kernel.php:215
at vendor/laravel/framework/src/Illuminate/Foundation/Testing/Concerns/MakesHttpRequests.php:611
at vendor/laravel/framework/src/Illuminate/Foundation/Testing/Concerns/MakesHttpRequests.php:397
at tests/Feature/LanguageControllerTest.php:18</error>
        </testcase>
        <testcase name="it displays the edit language form" file="tests/Feature/LanguageControllerTest.php::it displays the edit language form" class="Tests\Feature\LanguageControllerTest" classname="Tests.Feature.LanguageControllerTest" assertions="0" time="0.011147">
          <error type="Illuminate\Encryption\MissingAppKeyException">it displays the edit language formIlluminate\Encryption\MissingAppKeyException: No application encryption key has been specified.
at vendor/laravel/framework/src/Illuminate/Encryption/EncryptionServiceProvider.php:83
at vendor/laravel/framework/src/Illuminate/Support/helpers.php:399
at vendor/laravel/framework/src/Illuminate/Encryption/EncryptionServiceProvider.php:81
at vendor/laravel/framework/src/Illuminate/Encryption/EncryptionServiceProvider.php:64
at vendor/laravel/framework/src/Illuminate/Encryption/EncryptionServiceProvider.php:32
at vendor/laravel/framework/src/Illuminate/Container/Container.php:1153
at vendor/laravel/framework/src/Illuminate/Container/Container.php:971
at vendor/laravel/framework/src/Illuminate/Foundation/Application.php:1077
at vendor/laravel/framework/src/Illuminate/Container/Container.php:902
at vendor/laravel/framework/src/Illuminate/Foundation/Application.php:1057
at vendor/laravel/framework/src/Illuminate/Container/Container.php:1345
at vendor/laravel/framework/src/Illuminate/Container/Container.php:1244
at vendor/laravel/framework/src/Illuminate/Container/Container.php:1195
at vendor/laravel/framework/src/Illuminate/Container/Container.php:971
at vendor/laravel/framework/src/Illuminate/Foundation/Application.php:1077
at vendor/laravel/framework/src/Illuminate/Container/Container.php:902
at vendor/laravel/framework/src/Illuminate/Foundation/Application.php:1057
at vendor/laravel/framework/src/Illuminate/Foundation/Http/Kernel.php:257
at vendor/laravel/framework/src/Illuminate/Foundation/Http/Kernel.php:215
at vendor/laravel/framework/src/Illuminate/Foundation/Testing/Concerns/MakesHttpRequests.php:611
at vendor/laravel/framework/src/Illuminate/Foundation/Testing/Concerns/MakesHttpRequests.php:368
at tests/Feature/LanguageControllerTest.php:25</error>
        </testcase>
        <testcase name="it updates a language" file="tests/Feature/LanguageControllerTest.php::it updates a language" class="Tests\Feature\LanguageControllerTest" classname="Tests.Feature.LanguageControllerTest" assertions="0" time="0.010770">
          <error type="Illuminate\Encryption\MissingAppKeyException">it updates a languageIlluminate\Encryption\MissingAppKeyException: No application encryption key has been specified.
at vendor/laravel/framework/src/Illuminate/Encryption/EncryptionServiceProvider.php:83
at vendor/laravel/framework/src/Illuminate/Support/helpers.php:399
at vendor/laravel/framework/src/Illuminate/Encryption/EncryptionServiceProvider.php:81
at vendor/laravel/framework/src/Illuminate/Encryption/EncryptionServiceProvider.php:64
at vendor/laravel/framework/src/Illuminate/Encryption/EncryptionServiceProvider.php:32
at vendor/laravel/framework/src/Illuminate/Container/Container.php:1153
at vendor/laravel/framework/src/Illuminate/Container/Container.php:971
at vendor/laravel/framework/src/Illuminate/Foundation/Application.php:1077
at vendor/laravel/framework/src/Illuminate/Container/Container.php:902
at vendor/laravel/framework/src/Illuminate/Foundation/Application.php:1057
at vendor/laravel/framework/src/Illuminate/Container/Container.php:1345
at vendor/laravel/framework/src/Illuminate/Container/Container.php:1244
at vendor/laravel/framework/src/Illuminate/Container/Container.php:1195
at vendor/laravel/framework/src/Illuminate/Container/Container.php:971
at vendor/laravel/framework/src/Illuminate/Foundation/Application.php:1077
at vendor/laravel/framework/src/Illuminate/Container/Container.php:902
at vendor/laravel/framework/src/Illuminate/Foundation/Application.php:1057
at vendor/laravel/framework/src/Illuminate/Foundation/Http/Kernel.php:257
at vendor/laravel/framework/src/Illuminate/Foundation/Http/Kernel.php:215
at vendor/laravel/framework/src/Illuminate/Foundation/Testing/Concerns/MakesHttpRequests.php:611
at vendor/laravel/framework/src/Illuminate/Foundation/Testing/Concerns/MakesHttpRequests.php:427
at tests/Feature/LanguageControllerTest.php:32</error>
        </testcase>
        <testcase name="it deletes a language" file="tests/Feature/LanguageControllerTest.php::it deletes a language" class="Tests\Feature\LanguageControllerTest" classname="Tests.Feature.LanguageControllerTest" assertions="0" time="0.010791">
          <error type="Illuminate\Encryption\MissingAppKeyException">it deletes a languageIlluminate\Encryption\MissingAppKeyException: No application encryption key has been specified.
at vendor/laravel/framework/src/Illuminate/Encryption/EncryptionServiceProvider.php:83
at vendor/laravel/framework/src/Illuminate/Support/helpers.php:399
at vendor/laravel/framework/src/Illuminate/Encryption/EncryptionServiceProvider.php:81
at vendor/laravel/framework/src/Illuminate/Encryption/EncryptionServiceProvider.php:64
at vendor/laravel/framework/src/Illuminate/Encryption/EncryptionServiceProvider.php:32
at vendor/laravel/framework/src/Illuminate/Container/Container.php:1153
at vendor/laravel/framework/src/Illuminate/Container/Container.php:971
at vendor/laravel/framework/src/Illuminate/Foundation/Application.php:1077
at vendor/laravel/framework/src/Illuminate/Container/Container.php:902
at vendor/laravel/framework/src/Illuminate/Foundation/Application.php:1057
at vendor/laravel/framework/src/Illuminate/Container/Container.php:1345
at vendor/laravel/framework/src/Illuminate/Container/Container.php:1244
at vendor/laravel/framework/src/Illuminate/Container/Container.php:1195
at vendor/laravel/framework/src/Illuminate/Container/Container.php:971
at vendor/laravel/framework/src/Illuminate/Foundation/Application.php:1077
at vendor/laravel/framework/src/Illuminate/Container/Container.php:902
at vendor/laravel/framework/src/Illuminate/Foundation/Application.php:1057
at vendor/laravel/framework/src/Illuminate/Foundation/Http/Kernel.php:257
at vendor/laravel/framework/src/Illuminate/Foundation/Http/Kernel.php:215
at vendor/laravel/framework/src/Illuminate/Foundation/Testing/Concerns/MakesHttpRequests.php:611
at vendor/laravel/framework/src/Illuminate/Foundation/Testing/Concerns/MakesHttpRequests.php:487
at tests/Feature/LanguageControllerTest.php:39</error>
        </testcase>
      </testsuite>
      <testsuite name="Tests\Feature\LexiconControllerTest" file="tests/Feature/LexiconControllerTest.php" tests="17" assertions="0" errors="17" failures="0" skipped="0" time="0.240590">
        <testcase name="it displays a list of lexical entries" file="tests/Feature/LexiconControllerTest.php::it displays a list of lexical entries" class="Tests\Feature\LexiconControllerTest" classname="Tests.Feature.LexiconControllerTest" assertions="0" time="0.020180">
          <error type="Illuminate\Encryption\MissingAppKeyException">it displays a list of lexical entriesIlluminate\Encryption\MissingAppKeyException: No application encryption key has been specified.
at vendor/laravel/framework/src/Illuminate/Encryption/EncryptionServiceProvider.php:83
at vendor/laravel/framework/src/Illuminate/Support/helpers.php:399
at vendor/laravel/framework/src/Illuminate/Encryption/EncryptionServiceProvider.php:81
at vendor/laravel/framework/src/Illuminate/Encryption/EncryptionServiceProvider.php:64
at vendor/laravel/framework/src/Illuminate/Encryption/EncryptionServiceProvider.php:32
at vendor/laravel/framework/src/Illuminate/Container/Container.php:1153
at vendor/laravel/framework/src/Illuminate/Container/Container.php:971
at vendor/laravel/framework/src/Illuminate/Foundation/Application.php:1077
at vendor/laravel/framework/src/Illuminate/Container/Container.php:902
at vendor/laravel/framework/src/Illuminate/Foundation/Application.php:1057
at vendor/laravel/framework/src/Illuminate/Container/Container.php:1345
at vendor/laravel/framework/src/Illuminate/Container/Container.php:1244
at vendor/laravel/framework/src/Illuminate/Container/Container.php:1195
at vendor/laravel/framework/src/Illuminate/Container/Container.php:971
at vendor/laravel/framework/src/Illuminate/Foundation/Application.php:1077
at vendor/laravel/framework/src/Illuminate/Container/Container.php:902
at vendor/laravel/framework/src/Illuminate/Foundation/Application.php:1057
at vendor/laravel/framework/src/Illuminate/Foundation/Http/Kernel.php:257
at vendor/laravel/framework/src/Illuminate/Foundation/Http/Kernel.php:215
at vendor/laravel/framework/src/Illuminate/Foundation/Testing/Concerns/MakesHttpRequests.php:611
at vendor/laravel/framework/src/Illuminate/Foundation/Testing/Concerns/MakesHttpRequests.php:368
at tests/Feature/LexiconControllerTest.php:12</error>
        </testcase>
        <testcase name="it displays the create lexical entry form" file="tests/Feature/LexiconControllerTest.php::it displays the create lexical entry form" class="Tests\Feature\LexiconControllerTest" classname="Tests.Feature.LexiconControllerTest" assertions="0" time="0.010325">
          <error type="Illuminate\Encryption\MissingAppKeyException">it displays the create lexical entry formIlluminate\Encryption\MissingAppKeyException: No application encryption key has been specified.
at vendor/laravel/framework/src/Illuminate/Encryption/EncryptionServiceProvider.php:83
at vendor/laravel/framework/src/Illuminate/Support/helpers.php:399
at vendor/laravel/framework/src/Illuminate/Encryption/EncryptionServiceProvider.php:81
at vendor/laravel/framework/src/Illuminate/Encryption/EncryptionServiceProvider.php:64
at vendor/laravel/framework/src/Illuminate/Encryption/EncryptionServiceProvider.php:32
at vendor/laravel/framework/src/Illuminate/Container/Container.php:1153
at vendor/laravel/framework/src/Illuminate/Container/Container.php:971
at vendor/laravel/framework/src/Illuminate/Foundation/Application.php:1077
at vendor/laravel/framework/src/Illuminate/Container/Container.php:902
at vendor/laravel/framework/src/Illuminate/Foundation/Application.php:1057
at vendor/laravel/framework/src/Illuminate/Container/Container.php:1345
at vendor/laravel/framework/src/Illuminate/Container/Container.php:1244
at vendor/laravel/framework/src/Illuminate/Container/Container.php:1195
at vendor/laravel/framework/src/Illuminate/Container/Container.php:971
at vendor/laravel/framework/src/Illuminate/Foundation/Application.php:1077
at vendor/laravel/framework/src/Illuminate/Container/Container.php:902
at vendor/laravel/framework/src/Illuminate/Foundation/Application.php:1057
at vendor/laravel/framework/src/Illuminate/Foundation/Http/Kernel.php:257
at vendor/laravel/framework/src/Illuminate/Foundation/Http/Kernel.php:215
at vendor/laravel/framework/src/Illuminate/Foundation/Testing/Concerns/MakesHttpRequests.php:611
at vendor/laravel/framework/src/Illuminate/Foundation/Testing/Concerns/MakesHttpRequests.php:368
at tests/Feature/LexiconControllerTest.php:18</error>
        </testcase>
        <testcase name="it stores a new lexical entry" file="tests/Feature/LexiconControllerTest.php::it stores a new lexical entry" class="Tests\Feature\LexiconControllerTest" classname="Tests.Feature.LexiconControllerTest" assertions="0" time="0.011502">
          <error type="Illuminate\Encryption\MissingAppKeyException">it stores a new lexical entryIlluminate\Encryption\MissingAppKeyException: No application encryption key has been specified.
at vendor/laravel/framework/src/Illuminate/Encryption/EncryptionServiceProvider.php:83
at vendor/laravel/framework/src/Illuminate/Support/helpers.php:399
at vendor/laravel/framework/src/Illuminate/Encryption/EncryptionServiceProvider.php:81
at vendor/laravel/framework/src/Illuminate/Encryption/EncryptionServiceProvider.php:64
at vendor/laravel/framework/src/Illuminate/Encryption/EncryptionServiceProvider.php:32
at vendor/laravel/framework/src/Illuminate/Container/Container.php:1153
at vendor/laravel/framework/src/Illuminate/Container/Container.php:971
at vendor/laravel/framework/src/Illuminate/Foundation/Application.php:1077
at vendor/laravel/framework/src/Illuminate/Container/Container.php:902
at vendor/laravel/framework/src/Illuminate/Foundation/Application.php:1057
at vendor/laravel/framework/src/Illuminate/Container/Container.php:1345
at vendor/laravel/framework/src/Illuminate/Container/Container.php:1244
at vendor/laravel/framework/src/Illuminate/Container/Container.php:1195
at vendor/laravel/framework/src/Illuminate/Container/Container.php:971
at vendor/laravel/framework/src/Illuminate/Foundation/Application.php:1077
at vendor/laravel/framework/src/Illuminate/Container/Container.php:902
at vendor/laravel/framework/src/Illuminate/Foundation/Application.php:1057
at vendor/laravel/framework/src/Illuminate/Foundation/Http/Kernel.php:257
at vendor/laravel/framework/src/Illuminate/Foundation/Http/Kernel.php:215
at vendor/laravel/framework/src/Illuminate/Foundation/Testing/Concerns/MakesHttpRequests.php:611
at vendor/laravel/framework/src/Illuminate/Foundation/Testing/Concerns/MakesHttpRequests.php:397
at tests/Feature/LexiconControllerTest.php:25</error>
        </testcase>
        <testcase name="it shows a lexical entry" file="tests/Feature/LexiconControllerTest.php::it shows a lexical entry" class="Tests\Feature\LexiconControllerTest" classname="Tests.Feature.LexiconControllerTest" assertions="0" time="0.012047">
          <error type="Illuminate\Encryption\MissingAppKeyException">it shows a lexical entryIlluminate\Encryption\MissingAppKeyException: No application encryption key has been specified.
at vendor/laravel/framework/src/Illuminate/Encryption/EncryptionServiceProvider.php:83
at vendor/laravel/framework/src/Illuminate/Support/helpers.php:399
at vendor/laravel/framework/src/Illuminate/Encryption/EncryptionServiceProvider.php:81
at vendor/laravel/framework/src/Illuminate/Encryption/EncryptionServiceProvider.php:64
at vendor/laravel/framework/src/Illuminate/Encryption/EncryptionServiceProvider.php:32
at vendor/laravel/framework/src/Illuminate/Container/Container.php:1153
at vendor/laravel/framework/src/Illuminate/Container/Container.php:971
at vendor/laravel/framework/src/Illuminate/Foundation/Application.php:1077
at vendor/laravel/framework/src/Illuminate/Container/Container.php:902
at vendor/laravel/framework/src/Illuminate/Foundation/Application.php:1057
at vendor/laravel/framework/src/Illuminate/Container/Container.php:1345
at vendor/laravel/framework/src/Illuminate/Container/Container.php:1244
at vendor/laravel/framework/src/Illuminate/Container/Container.php:1195
at vendor/laravel/framework/src/Illuminate/Container/Container.php:971
at vendor/laravel/framework/src/Illuminate/Foundation/Application.php:1077
at vendor/laravel/framework/src/Illuminate/Container/Container.php:902
at vendor/laravel/framework/src/Illuminate/Foundation/Application.php:1057
at vendor/laravel/framework/src/Illuminate/Foundation/Http/Kernel.php:257
at vendor/laravel/framework/src/Illuminate/Foundation/Http/Kernel.php:215
at vendor/laravel/framework/src/Illuminate/Foundation/Testing/Concerns/MakesHttpRequests.php:611
at vendor/laravel/framework/src/Illuminate/Foundation/Testing/Concerns/MakesHttpRequests.php:368
at tests/Feature/LexiconControllerTest.php:32</error>
        </testcase>
        <testcase name="it displays the edit lexical entry form" file="tests/Feature/LexiconControllerTest.php::it displays the edit lexical entry form" class="Tests\Feature\LexiconControllerTest" classname="Tests.Feature.LexiconControllerTest" assertions="0" time="0.011644">
          <error type="Illuminate\Encryption\MissingAppKeyException">it displays the edit lexical entry formIlluminate\Encryption\MissingAppKeyException: No application encryption key has been specified.
at vendor/laravel/framework/src/Illuminate/Encryption/EncryptionServiceProvider.php:83
at vendor/laravel/framework/src/Illuminate/Support/helpers.php:399
at vendor/laravel/framework/src/Illuminate/Encryption/EncryptionServiceProvider.php:81
at vendor/laravel/framework/src/Illuminate/Encryption/EncryptionServiceProvider.php:64
at vendor/laravel/framework/src/Illuminate/Encryption/EncryptionServiceProvider.php:32
at vendor/laravel/framework/src/Illuminate/Container/Container.php:1153
at vendor/laravel/framework/src/Illuminate/Container/Container.php:971
at vendor/laravel/framework/src/Illuminate/Foundation/Application.php:1077
at vendor/laravel/framework/src/Illuminate/Container/Container.php:902
at vendor/laravel/framework/src/Illuminate/Foundation/Application.php:1057
at vendor/laravel/framework/src/Illuminate/Container/Container.php:1345
at vendor/laravel/framework/src/Illuminate/Container/Container.php:1244
at vendor/laravel/framework/src/Illuminate/Container/Container.php:1195
at vendor/laravel/framework/src/Illuminate/Container/Container.php:971
at vendor/laravel/framework/src/Illuminate/Foundation/Application.php:1077
at vendor/laravel/framework/src/Illuminate/Container/Container.php:902
at vendor/laravel/framework/src/Illuminate/Foundation/Application.php:1057
at vendor/laravel/framework/src/Illuminate/Foundation/Http/Kernel.php:257
at vendor/laravel/framework/src/Illuminate/Foundation/Http/Kernel.php:215
at vendor/laravel/framework/src/Illuminate/Foundation/Testing/Concerns/MakesHttpRequests.php:611
at vendor/laravel/framework/src/Illuminate/Foundation/Testing/Concerns/MakesHttpRequests.php:368
at tests/Feature/LexiconControllerTest.php:39</error>
        </testcase>
        <testcase name="it updates a lexical entry" file="tests/Feature/LexiconControllerTest.php::it updates a lexical entry" class="Tests\Feature\LexiconControllerTest" classname="Tests.Feature.LexiconControllerTest" assertions="0" time="0.013218">
          <error type="Illuminate\Encryption\MissingAppKeyException">it updates a lexical entryIlluminate\Encryption\MissingAppKeyException: No application encryption key has been specified.
at vendor/laravel/framework/src/Illuminate/Encryption/EncryptionServiceProvider.php:83
at vendor/laravel/framework/src/Illuminate/Support/helpers.php:399
at vendor/laravel/framework/src/Illuminate/Encryption/EncryptionServiceProvider.php:81
at vendor/laravel/framework/src/Illuminate/Encryption/EncryptionServiceProvider.php:64
at vendor/laravel/framework/src/Illuminate/Encryption/EncryptionServiceProvider.php:32
at vendor/laravel/framework/src/Illuminate/Container/Container.php:1153
at vendor/laravel/framework/src/Illuminate/Container/Container.php:971
at vendor/laravel/framework/src/Illuminate/Foundation/Application.php:1077
at vendor/laravel/framework/src/Illuminate/Container/Container.php:902
at vendor/laravel/framework/src/Illuminate/Foundation/Application.php:1057
at vendor/laravel/framework/src/Illuminate/Container/Container.php:1345
at vendor/laravel/framework/src/Illuminate/Container/Container.php:1244
at vendor/laravel/framework/src/Illuminate/Container/Container.php:1195
at vendor/laravel/framework/src/Illuminate/Container/Container.php:971
at vendor/laravel/framework/src/Illuminate/Foundation/Application.php:1077
at vendor/laravel/framework/src/Illuminate/Container/Container.php:902
at vendor/laravel/framework/src/Illuminate/Foundation/Application.php:1057
at vendor/laravel/framework/src/Illuminate/Foundation/Http/Kernel.php:257
at vendor/laravel/framework/src/Illuminate/Foundation/Http/Kernel.php:215
at vendor/laravel/framework/src/Illuminate/Foundation/Testing/Concerns/MakesHttpRequests.php:611
at vendor/laravel/framework/src/Illuminate/Foundation/Testing/Concerns/MakesHttpRequests.php:427
at tests/Feature/LexiconControllerTest.php:48</error>
        </testcase>
        <testcase name="it deletes a lexical entry" file="tests/Feature/LexiconControllerTest.php::it deletes a lexical entry" class="Tests\Feature\LexiconControllerTest" classname="Tests.Feature.LexiconControllerTest" assertions="0" time="0.013365">
          <error type="Illuminate\Encryption\MissingAppKeyException">it deletes a lexical entryIlluminate\Encryption\MissingAppKeyException: No application encryption key has been specified.
at vendor/laravel/framework/src/Illuminate/Encryption/EncryptionServiceProvider.php:83
at vendor/laravel/framework/src/Illuminate/Support/helpers.php:399
at vendor/laravel/framework/src/Illuminate/Encryption/EncryptionServiceProvider.php:81
at vendor/laravel/framework/src/Illuminate/Encryption/EncryptionServiceProvider.php:64
at vendor/laravel/framework/src/Illuminate/Encryption/EncryptionServiceProvider.php:32
at vendor/laravel/framework/src/Illuminate/Container/Container.php:1153
at vendor/laravel/framework/src/Illuminate/Container/Container.php:971
at vendor/laravel/framework/src/Illuminate/Foundation/Application.php:1077
at vendor/laravel/framework/src/Illuminate/Container/Container.php:902
at vendor/laravel/framework/src/Illuminate/Foundation/Application.php:1057
at vendor/laravel/framework/src/Illuminate/Container/Container.php:1345
at vendor/laravel/framework/src/Illuminate/Container/Container.php:1244
at vendor/laravel/framework/src/Illuminate/Container/Container.php:1195
at vendor/laravel/framework/src/Illuminate/Container/Container.php:971
at vendor/laravel/framework/src/Illuminate/Foundation/Application.php:1077
at vendor/laravel/framework/src/Illuminate/Container/Container.php:902
at vendor/laravel/framework/src/Illuminate/Foundation/Application.php:1057
at vendor/laravel/framework/src/Illuminate/Foundation/Http/Kernel.php:257
at vendor/laravel/framework/src/Illuminate/Foundation/Http/Kernel.php:215
at vendor/laravel/framework/src/Illuminate/Foundation/Testing/Concerns/MakesHttpRequests.php:611
at vendor/laravel/framework/src/Illuminate/Foundation/Testing/Concerns/MakesHttpRequests.php:487
at tests/Feature/LexiconControllerTest.php:55</error>
        </testcase>
        <testcase name="it displays the create attribute form" file="tests/Feature/LexiconControllerTest.php::it displays the create attribute form" class="Tests\Feature\LexiconControllerTest" classname="Tests.Feature.LexiconControllerTest" assertions="0" time="0.012699">
          <error type="Illuminate\Encryption\MissingAppKeyException">it displays the create attribute formIlluminate\Encryption\MissingAppKeyException: No application encryption key has been specified.
at vendor/laravel/framework/src/Illuminate/Encryption/EncryptionServiceProvider.php:83
at vendor/laravel/framework/src/Illuminate/Support/helpers.php:399
at vendor/laravel/framework/src/Illuminate/Encryption/EncryptionServiceProvider.php:81
at vendor/laravel/framework/src/Illuminate/Encryption/EncryptionServiceProvider.php:64
at vendor/laravel/framework/src/Illuminate/Encryption/EncryptionServiceProvider.php:32
at vendor/laravel/framework/src/Illuminate/Container/Container.php:1153
at vendor/laravel/framework/src/Illuminate/Container/Container.php:971
at vendor/laravel/framework/src/Illuminate/Foundation/Application.php:1077
at vendor/laravel/framework/src/Illuminate/Container/Container.php:902
at vendor/laravel/framework/src/Illuminate/Foundation/Application.php:1057
at vendor/laravel/framework/src/Illuminate/Container/Container.php:1345
at vendor/laravel/framework/src/Illuminate/Container/Container.php:1244
at vendor/laravel/framework/src/Illuminate/Container/Container.php:1195
at vendor/laravel/framework/src/Illuminate/Container/Container.php:971
at vendor/laravel/framework/src/Illuminate/Foundation/Application.php:1077
at vendor/laravel/framework/src/Illuminate/Container/Container.php:902
at vendor/laravel/framework/src/Illuminate/Foundation/Application.php:1057
at vendor/laravel/framework/src/Illuminate/Foundation/Http/Kernel.php:257
at vendor/laravel/framework/src/Illuminate/Foundation/Http/Kernel.php:215
at vendor/laravel/framework/src/Illuminate/Foundation/Testing/Concerns/MakesHttpRequests.php:611
at vendor/laravel/framework/src/Illuminate/Foundation/Testing/Concerns/MakesHttpRequests.php:368
at tests/Feature/LexiconControllerTest.php:63</error>
        </testcase>
        <testcase name="it stores a new attribute" file="tests/Feature/LexiconControllerTest.php::it stores a new attribute" class="Tests\Feature\LexiconControllerTest" classname="Tests.Feature.LexiconControllerTest" assertions="0" time="0.012841">
          <error type="Illuminate\Encryption\MissingAppKeyException">it stores a new attributeIlluminate\Encryption\MissingAppKeyException: No application encryption key has been specified.
at vendor/laravel/framework/src/Illuminate/Encryption/EncryptionServiceProvider.php:83
at vendor/laravel/framework/src/Illuminate/Support/helpers.php:399
at vendor/laravel/framework/src/Illuminate/Encryption/EncryptionServiceProvider.php:81
at vendor/laravel/framework/src/Illuminate/Encryption/EncryptionServiceProvider.php:64
at vendor/laravel/framework/src/Illuminate/Encryption/EncryptionServiceProvider.php:32
at vendor/laravel/framework/src/Illuminate/Container/Container.php:1153
at vendor/laravel/framework/src/Illuminate/Container/Container.php:971
at vendor/laravel/framework/src/Illuminate/Foundation/Application.php:1077
at vendor/laravel/framework/src/Illuminate/Container/Container.php:902
at vendor/laravel/framework/src/Illuminate/Foundation/Application.php:1057
at vendor/laravel/framework/src/Illuminate/Container/Container.php:1345
at vendor/laravel/framework/src/Illuminate/Container/Container.php:1244
at vendor/laravel/framework/src/Illuminate/Container/Container.php:1195
at vendor/laravel/framework/src/Illuminate/Container/Container.php:971
at vendor/laravel/framework/src/Illuminate/Foundation/Application.php:1077
at vendor/laravel/framework/src/Illuminate/Container/Container.php:902
at vendor/laravel/framework/src/Illuminate/Foundation/Application.php:1057
at vendor/laravel/framework/src/Illuminate/Foundation/Http/Kernel.php:257
at vendor/laravel/framework/src/Illuminate/Foundation/Http/Kernel.php:215
at vendor/laravel/framework/src/Illuminate/Foundation/Testing/Concerns/MakesHttpRequests.php:611
at vendor/laravel/framework/src/Illuminate/Foundation/Testing/Concerns/MakesHttpRequests.php:397
at tests/Feature/LexiconControllerTest.php:69</error>
        </testcase>
        <testcase name="it displays the edit attribute form" file="tests/Feature/LexiconControllerTest.php::it displays the edit attribute form" class="Tests\Feature\LexiconControllerTest" classname="Tests.Feature.LexiconControllerTest" assertions="0" time="0.014416">
          <error type="Illuminate\Encryption\MissingAppKeyException">it displays the edit attribute formIlluminate\Encryption\MissingAppKeyException: No application encryption key has been specified.
at vendor/laravel/framework/src/Illuminate/Encryption/EncryptionServiceProvider.php:83
at vendor/laravel/framework/src/Illuminate/Support/helpers.php:399
at vendor/laravel/framework/src/Illuminate/Encryption/EncryptionServiceProvider.php:81
at vendor/laravel/framework/src/Illuminate/Encryption/EncryptionServiceProvider.php:64
at vendor/laravel/framework/src/Illuminate/Encryption/EncryptionServiceProvider.php:32
at vendor/laravel/framework/src/Illuminate/Container/Container.php:1153
at vendor/laravel/framework/src/Illuminate/Container/Container.php:971
at vendor/laravel/framework/src/Illuminate/Foundation/Application.php:1077
at vendor/laravel/framework/src/Illuminate/Container/Container.php:902
at vendor/laravel/framework/src/Illuminate/Foundation/Application.php:1057
at vendor/laravel/framework/src/Illuminate/Container/Container.php:1345
at vendor/laravel/framework/src/Illuminate/Container/Container.php:1244
at vendor/laravel/framework/src/Illuminate/Container/Container.php:1195
at vendor/laravel/framework/src/Illuminate/Container/Container.php:971
at vendor/laravel/framework/src/Illuminate/Foundation/Application.php:1077
at vendor/laravel/framework/src/Illuminate/Container/Container.php:902
at vendor/laravel/framework/src/Illuminate/Foundation/Application.php:1057
at vendor/laravel/framework/src/Illuminate/Foundation/Http/Kernel.php:257
at vendor/laravel/framework/src/Illuminate/Foundation/Http/Kernel.php:215
at vendor/laravel/framework/src/Illuminate/Foundation/Testing/Concerns/MakesHttpRequests.php:611
at vendor/laravel/framework/src/Illuminate/Foundation/Testing/Concerns/MakesHttpRequests.php:368
at tests/Feature/LexiconControllerTest.php:76</error>
        </testcase>
        <testcase name="it updates an attribute" file="tests/Feature/LexiconControllerTest.php::it updates an attribute" class="Tests\Feature\LexiconControllerTest" classname="Tests.Feature.LexiconControllerTest" assertions="0" time="0.019808">
          <error type="Illuminate\Encryption\MissingAppKeyException">it updates an attributeIlluminate\Encryption\MissingAppKeyException: No application encryption key has been specified.
at vendor/laravel/framework/src/Illuminate/Encryption/EncryptionServiceProvider.php:83
at vendor/laravel/framework/src/Illuminate/Support/helpers.php:399
at vendor/laravel/framework/src/Illuminate/Encryption/EncryptionServiceProvider.php:81
at vendor/laravel/framework/src/Illuminate/Encryption/EncryptionServiceProvider.php:64
at vendor/laravel/framework/src/Illuminate/Encryption/EncryptionServiceProvider.php:32
at vendor/laravel/framework/src/Illuminate/Container/Container.php:1153
at vendor/laravel/framework/src/Illuminate/Container/Container.php:971
at vendor/laravel/framework/src/Illuminate/Foundation/Application.php:1077
at vendor/laravel/framework/src/Illuminate/Container/Container.php:902
at vendor/laravel/framework/src/Illuminate/Foundation/Application.php:1057
at vendor/laravel/framework/src/Illuminate/Container/Container.php:1345
at vendor/laravel/framework/src/Illuminate/Container/Container.php:1244
at vendor/laravel/framework/src/Illuminate/Container/Container.php:1195
at vendor/laravel/framework/src/Illuminate/Container/Container.php:971
at vendor/laravel/framework/src/Illuminate/Foundation/Application.php:1077
at vendor/laravel/framework/src/Illuminate/Container/Container.php:902
at vendor/laravel/framework/src/Illuminate/Foundation/Application.php:1057
at vendor/laravel/framework/src/Illuminate/Foundation/Http/Kernel.php:257
at vendor/laravel/framework/src/Illuminate/Foundation/Http/Kernel.php:215
at vendor/laravel/framework/src/Illuminate/Foundation/Testing/Concerns/MakesHttpRequests.php:611
at vendor/laravel/framework/src/Illuminate/Foundation/Testing/Concerns/MakesHttpRequests.php:427
at tests/Feature/LexiconControllerTest.php:83</error>
        </testcase>
        <testcase name="it deletes an attribute" file="tests/Feature/LexiconControllerTest.php::it deletes an attribute" class="Tests\Feature\LexiconControllerTest" classname="Tests.Feature.LexiconControllerTest" assertions="0" time="0.014414">
          <error type="Illuminate\Encryption\MissingAppKeyException">it deletes an attributeIlluminate\Encryption\MissingAppKeyException: No application encryption key has been specified.
at vendor/laravel/framework/src/Illuminate/Encryption/EncryptionServiceProvider.php:83
at vendor/laravel/framework/src/Illuminate/Support/helpers.php:399
at vendor/laravel/framework/src/Illuminate/Encryption/EncryptionServiceProvider.php:81
at vendor/laravel/framework/src/Illuminate/Encryption/EncryptionServiceProvider.php:64
at vendor/laravel/framework/src/Illuminate/Encryption/EncryptionServiceProvider.php:32
at vendor/laravel/framework/src/Illuminate/Container/Container.php:1153
at vendor/laravel/framework/src/Illuminate/Container/Container.php:971
at vendor/laravel/framework/src/Illuminate/Foundation/Application.php:1077
at vendor/laravel/framework/src/Illuminate/Container/Container.php:902
at vendor/laravel/framework/src/Illuminate/Foundation/Application.php:1057
at vendor/laravel/framework/src/Illuminate/Container/Container.php:1345
at vendor/laravel/framework/src/Illuminate/Container/Container.php:1244
at vendor/laravel/framework/src/Illuminate/Container/Container.php:1195
at vendor/laravel/framework/src/Illuminate/Container/Container.php:971
at vendor/laravel/framework/src/Illuminate/Foundation/Application.php:1077
at vendor/laravel/framework/src/Illuminate/Container/Container.php:902
at vendor/laravel/framework/src/Illuminate/Foundation/Application.php:1057
at vendor/laravel/framework/src/Illuminate/Foundation/Http/Kernel.php:257
at vendor/laravel/framework/src/Illuminate/Foundation/Http/Kernel.php:215
at vendor/laravel/framework/src/Illuminate/Foundation/Testing/Concerns/MakesHttpRequests.php:611
at vendor/laravel/framework/src/Illuminate/Foundation/Testing/Concerns/MakesHttpRequests.php:487
at tests/Feature/LexiconControllerTest.php:90</error>
        </testcase>
        <testcase name="it displays the create link form" file="tests/Feature/LexiconControllerTest.php::it displays the create link form" class="Tests\Feature\LexiconControllerTest" classname="Tests.Feature.LexiconControllerTest" assertions="0" time="0.014026">
          <error type="Illuminate\Encryption\MissingAppKeyException">it displays the create link formIlluminate\Encryption\MissingAppKeyException: No application encryption key has been specified.
at vendor/laravel/framework/src/Illuminate/Encryption/EncryptionServiceProvider.php:83
at vendor/laravel/framework/src/Illuminate/Support/helpers.php:399
at vendor/laravel/framework/src/Illuminate/Encryption/EncryptionServiceProvider.php:81
at vendor/laravel/framework/src/Illuminate/Encryption/EncryptionServiceProvider.php:64
at vendor/laravel/framework/src/Illuminate/Encryption/EncryptionServiceProvider.php:32
at vendor/laravel/framework/src/Illuminate/Container/Container.php:1153
at vendor/laravel/framework/src/Illuminate/Container/Container.php:971
at vendor/laravel/framework/src/Illuminate/Foundation/Application.php:1077
at vendor/laravel/framework/src/Illuminate/Container/Container.php:902
at vendor/laravel/framework/src/Illuminate/Foundation/Application.php:1057
at vendor/laravel/framework/src/Illuminate/Container/Container.php:1345
at vendor/laravel/framework/src/Illuminate/Container/Container.php:1244
at vendor/laravel/framework/src/Illuminate/Container/Container.php:1195
at vendor/laravel/framework/src/Illuminate/Container/Container.php:971
at vendor/laravel/framework/src/Illuminate/Foundation/Application.php:1077
at vendor/laravel/framework/src/Illuminate/Container/Container.php:902
at vendor/laravel/framework/src/Illuminate/Foundation/Application.php:1057
at vendor/laravel/framework/src/Illuminate/Foundation/Http/Kernel.php:257
at vendor/laravel/framework/src/Illuminate/Foundation/Http/Kernel.php:215
at vendor/laravel/framework/src/Illuminate/Foundation/Testing/Concerns/MakesHttpRequests.php:611
at vendor/laravel/framework/src/Illuminate/Foundation/Testing/Concerns/MakesHttpRequests.php:368
at tests/Feature/LexiconControllerTest.php:98</error>
        </testcase>
        <testcase name="it stores a new link" file="tests/Feature/LexiconControllerTest.php::it stores a new link" class="Tests\Feature\LexiconControllerTest" classname="Tests.Feature.LexiconControllerTest" assertions="0" time="0.013989">
          <error type="Illuminate\Encryption\MissingAppKeyException">it stores a new linkIlluminate\Encryption\MissingAppKeyException: No application encryption key has been specified.
at vendor/laravel/framework/src/Illuminate/Encryption/EncryptionServiceProvider.php:83
at vendor/laravel/framework/src/Illuminate/Support/helpers.php:399
at vendor/laravel/framework/src/Illuminate/Encryption/EncryptionServiceProvider.php:81
at vendor/laravel/framework/src/Illuminate/Encryption/EncryptionServiceProvider.php:64
at vendor/laravel/framework/src/Illuminate/Encryption/EncryptionServiceProvider.php:32
at vendor/laravel/framework/src/Illuminate/Container/Container.php:1153
at vendor/laravel/framework/src/Illuminate/Container/Container.php:971
at vendor/laravel/framework/src/Illuminate/Foundation/Application.php:1077
at vendor/laravel/framework/src/Illuminate/Container/Container.php:902
at vendor/laravel/framework/src/Illuminate/Foundation/Application.php:1057
at vendor/laravel/framework/src/Illuminate/Container/Container.php:1345
at vendor/laravel/framework/src/Illuminate/Container/Container.php:1244
at vendor/laravel/framework/src/Illuminate/Container/Container.php:1195
at vendor/laravel/framework/src/Illuminate/Container/Container.php:971
at vendor/laravel/framework/src/Illuminate/Foundation/Application.php:1077
at vendor/laravel/framework/src/Illuminate/Container/Container.php:902
at vendor/laravel/framework/src/Illuminate/Foundation/Application.php:1057
at vendor/laravel/framework/src/Illuminate/Foundation/Http/Kernel.php:257
at vendor/laravel/framework/src/Illuminate/Foundation/Http/Kernel.php:215
at vendor/laravel/framework/src/Illuminate/Foundation/Testing/Concerns/MakesHttpRequests.php:611
at vendor/laravel/framework/src/Illuminate/Foundation/Testing/Concerns/MakesHttpRequests.php:397
at tests/Feature/LexiconControllerTest.php:105</error>
        </testcase>
        <testcase name="it displays the edit link form" file="tests/Feature/LexiconControllerTest.php::it displays the edit link form" class="Tests\Feature\LexiconControllerTest" classname="Tests.Feature.LexiconControllerTest" assertions="0" time="0.014716">
          <error type="Illuminate\Encryption\MissingAppKeyException">it displays the edit link formIlluminate\Encryption\MissingAppKeyException: No application encryption key has been specified.
at vendor/laravel/framework/src/Illuminate/Encryption/EncryptionServiceProvider.php:83
at vendor/laravel/framework/src/Illuminate/Support/helpers.php:399
at vendor/laravel/framework/src/Illuminate/Encryption/EncryptionServiceProvider.php:81
at vendor/laravel/framework/src/Illuminate/Encryption/EncryptionServiceProvider.php:64
at vendor/laravel/framework/src/Illuminate/Encryption/EncryptionServiceProvider.php:32
at vendor/laravel/framework/src/Illuminate/Container/Container.php:1153
at vendor/laravel/framework/src/Illuminate/Container/Container.php:971
at vendor/laravel/framework/src/Illuminate/Foundation/Application.php:1077
at vendor/laravel/framework/src/Illuminate/Container/Container.php:902
at vendor/laravel/framework/src/Illuminate/Foundation/Application.php:1057
at vendor/laravel/framework/src/Illuminate/Container/Container.php:1345
at vendor/laravel/framework/src/Illuminate/Container/Container.php:1244
at vendor/laravel/framework/src/Illuminate/Container/Container.php:1195
at vendor/laravel/framework/src/Illuminate/Container/Container.php:971
at vendor/laravel/framework/src/Illuminate/Foundation/Application.php:1077
at vendor/laravel/framework/src/Illuminate/Container/Container.php:902
at vendor/laravel/framework/src/Illuminate/Foundation/Application.php:1057
at vendor/laravel/framework/src/Illuminate/Foundation/Http/Kernel.php:257
at vendor/laravel/framework/src/Illuminate/Foundation/Http/Kernel.php:215
at vendor/laravel/framework/src/Illuminate/Foundation/Testing/Concerns/MakesHttpRequests.php:611
at vendor/laravel/framework/src/Illuminate/Foundation/Testing/Concerns/MakesHttpRequests.php:368
at tests/Feature/LexiconControllerTest.php:112</error>
        </testcase>
        <testcase name="it updates a link" file="tests/Feature/LexiconControllerTest.php::it updates a link" class="Tests\Feature\LexiconControllerTest" classname="Tests.Feature.LexiconControllerTest" assertions="0" time="0.016116">
          <error type="Illuminate\Encryption\MissingAppKeyException">it updates a linkIlluminate\Encryption\MissingAppKeyException: No application encryption key has been specified.
at vendor/laravel/framework/src/Illuminate/Encryption/EncryptionServiceProvider.php:83
at vendor/laravel/framework/src/Illuminate/Support/helpers.php:399
at vendor/laravel/framework/src/Illuminate/Encryption/EncryptionServiceProvider.php:81
at vendor/laravel/framework/src/Illuminate/Encryption/EncryptionServiceProvider.php:64
at vendor/laravel/framework/src/Illuminate/Encryption/EncryptionServiceProvider.php:32
at vendor/laravel/framework/src/Illuminate/Container/Container.php:1153
at vendor/laravel/framework/src/Illuminate/Container/Container.php:971
at vendor/laravel/framework/src/Illuminate/Foundation/Application.php:1077
at vendor/laravel/framework/src/Illuminate/Container/Container.php:902
at vendor/laravel/framework/src/Illuminate/Foundation/Application.php:1057
at vendor/laravel/framework/src/Illuminate/Container/Container.php:1345
at vendor/laravel/framework/src/Illuminate/Container/Container.php:1244
at vendor/laravel/framework/src/Illuminate/Container/Container.php:1195
at vendor/laravel/framework/src/Illuminate/Container/Container.php:971
at vendor/laravel/framework/src/Illuminate/Foundation/Application.php:1077
at vendor/laravel/framework/src/Illuminate/Container/Container.php:902
at vendor/laravel/framework/src/Illuminate/Foundation/Application.php:1057
at vendor/laravel/framework/src/Illuminate/Foundation/Http/Kernel.php:257
at vendor/laravel/framework/src/Illuminate/Foundation/Http/Kernel.php:215
at vendor/laravel/framework/src/Illuminate/Foundation/Testing/Concerns/MakesHttpRequests.php:611
at vendor/laravel/framework/src/Illuminate/Foundation/Testing/Concerns/MakesHttpRequests.php:427
at tests/Feature/LexiconControllerTest.php:120</error>
        </testcase>
        <testcase name="it deletes a link" file="tests/Feature/LexiconControllerTest.php::it deletes a link" class="Tests\Feature\LexiconControllerTest" classname="Tests.Feature.LexiconControllerTest" assertions="0" time="0.015283">
          <error type="Illuminate\Encryption\MissingAppKeyException">it deletes a linkIlluminate\Encryption\MissingAppKeyException: No application encryption key has been specified.
at vendor/laravel/framework/src/Illuminate/Encryption/EncryptionServiceProvider.php:83
at vendor/laravel/framework/src/Illuminate/Support/helpers.php:399
at vendor/laravel/framework/src/Illuminate/Encryption/EncryptionServiceProvider.php:81
at vendor/laravel/framework/src/Illuminate/Encryption/EncryptionServiceProvider.php:64
at vendor/laravel/framework/src/Illuminate/Encryption/EncryptionServiceProvider.php:32
at vendor/laravel/framework/src/Illuminate/Container/Container.php:1153
at vendor/laravel/framework/src/Illuminate/Container/Container.php:971
at vendor/laravel/framework/src/Illuminate/Foundation/Application.php:1077
at vendor/laravel/framework/src/Illuminate/Container/Container.php:902
at vendor/laravel/framework/src/Illuminate/Foundation/Application.php:1057
at vendor/laravel/framework/src/Illuminate/Container/Container.php:1345
at vendor/laravel/framework/src/Illuminate/Container/Container.php:1244
at vendor/laravel/framework/src/Illuminate/Container/Container.php:1195
at vendor/laravel/framework/src/Illuminate/Container/Container.php:971
at vendor/laravel/framework/src/Illuminate/Foundation/Application.php:1077
at vendor/laravel/framework/src/Illuminate/Container/Container.php:902
at vendor/laravel/framework/src/Illuminate/Foundation/Application.php:1057
at vendor/laravel/framework/src/Illuminate/Foundation/Http/Kernel.php:257
at vendor/laravel/framework/src/Illuminate/Foundation/Http/Kernel.php:215
at vendor/laravel/framework/src/Illuminate/Foundation/Testing/Concerns/MakesHttpRequests.php:611
at vendor/laravel/framework/src/Illuminate/Foundation/Testing/Concerns/MakesHttpRequests.php:487
at tests/Feature/LexiconControllerTest.php:127</error>
        </testcase>
      </testsuite>
      <testsuite name="Tests\Feature\ListEntriesCommandTest" file="tests/Feature/ListEntriesCommandTest.php" tests="1" assertions="7" errors="0" failures="0" skipped="0" time="0.038540">
        <testcase name="the list entries command shows a table of entries" file="tests/Feature/ListEntriesCommandTest.php::the list entries command shows a table of entries" class="Tests\Feature\ListEntriesCommandTest" classname="Tests.Feature.ListEntriesCommandTest" assertions="7" time="0.038540"/>
      </testsuite>
      <testsuite name="Tests\Feature\TokenControllerTest" file="tests/Feature/TokenControllerTest.php" tests="6" assertions="0" errors="6" failures="0" skipped="0" time="0.074676">
        <testcase name="it displays a list of tokens" file="tests/Feature/TokenControllerTest.php::it displays a list of tokens" class="Tests\Feature\TokenControllerTest" classname="Tests.Feature.TokenControllerTest" assertions="0" time="0.015238">
          <error type="Illuminate\Encryption\MissingAppKeyException">it displays a list of tokensIlluminate\Encryption\MissingAppKeyException: No application encryption key has been specified.
at vendor/laravel/framework/src/Illuminate/Encryption/EncryptionServiceProvider.php:83
at vendor/laravel/framework/src/Illuminate/Support/helpers.php:399
at vendor/laravel/framework/src/Illuminate/Encryption/EncryptionServiceProvider.php:81
at vendor/laravel/framework/src/Illuminate/Encryption/EncryptionServiceProvider.php:64
at vendor/laravel/framework/src/Illuminate/Encryption/EncryptionServiceProvider.php:32
at vendor/laravel/framework/src/Illuminate/Container/Container.php:1153
at vendor/laravel/framework/src/Illuminate/Container/Container.php:971
at vendor/laravel/framework/src/Illuminate/Foundation/Application.php:1077
at vendor/laravel/framework/src/Illuminate/Container/Container.php:902
at vendor/laravel/framework/src/Illuminate/Foundation/Application.php:1057
at vendor/laravel/framework/src/Illuminate/Container/Container.php:1345
at vendor/laravel/framework/src/Illuminate/Container/Container.php:1244
at vendor/laravel/framework/src/Illuminate/Container/Container.php:1195
at vendor/laravel/framework/src/Illuminate/Container/Container.php:971
at vendor/laravel/framework/src/Illuminate/Foundation/Application.php:1077
at vendor/laravel/framework/src/Illuminate/Container/Container.php:902
at vendor/laravel/framework/src/Illuminate/Foundation/Application.php:1057
at vendor/laravel/framework/src/Illuminate/Foundation/Http/Kernel.php:257
at vendor/laravel/framework/src/Illuminate/Foundation/Http/Kernel.php:215
at vendor/laravel/framework/src/Illuminate/Foundation/Testing/Concerns/MakesHttpRequests.php:611
at vendor/laravel/framework/src/Illuminate/Foundation/Testing/Concerns/MakesHttpRequests.php:368
at tests/Feature/TokenControllerTest.php:7</error>
        </testcase>
        <testcase name="it displays the create token form" file="tests/Feature/TokenControllerTest.php::it displays the create token form" class="Tests\Feature\TokenControllerTest" classname="Tests.Feature.TokenControllerTest" assertions="0" time="0.012284">
          <error type="Illuminate\Encryption\MissingAppKeyException">it displays the create token formIlluminate\Encryption\MissingAppKeyException: No application encryption key has been specified.
at vendor/laravel/framework/src/Illuminate/Encryption/EncryptionServiceProvider.php:83
at vendor/laravel/framework/src/Illuminate/Support/helpers.php:399
at vendor/laravel/framework/src/Illuminate/Encryption/EncryptionServiceProvider.php:81
at vendor/laravel/framework/src/Illuminate/Encryption/EncryptionServiceProvider.php:64
at vendor/laravel/framework/src/Illuminate/Encryption/EncryptionServiceProvider.php:32
at vendor/laravel/framework/src/Illuminate/Container/Container.php:1153
at vendor/laravel/framework/src/Illuminate/Container/Container.php:971
at vendor/laravel/framework/src/Illuminate/Foundation/Application.php:1077
at vendor/laravel/framework/src/Illuminate/Container/Container.php:902
at vendor/laravel/framework/src/Illuminate/Foundation/Application.php:1057
at vendor/laravel/framework/src/Illuminate/Container/Container.php:1345
at vendor/laravel/framework/src/Illuminate/Container/Container.php:1244
at vendor/laravel/framework/src/Illuminate/Container/Container.php:1195
at vendor/laravel/framework/src/Illuminate/Container/Container.php:971
at vendor/laravel/framework/src/Illuminate/Foundation/Application.php:1077
at vendor/laravel/framework/src/Illuminate/Container/Container.php:902
at vendor/laravel/framework/src/Illuminate/Foundation/Application.php:1057
at vendor/laravel/framework/src/Illuminate/Foundation/Http/Kernel.php:257
at vendor/laravel/framework/src/Illuminate/Foundation/Http/Kernel.php:215
at vendor/laravel/framework/src/Illuminate/Foundation/Testing/Concerns/MakesHttpRequests.php:611
at vendor/laravel/framework/src/Illuminate/Foundation/Testing/Concerns/MakesHttpRequests.php:368
at tests/Feature/TokenControllerTest.php:13</error>
        </testcase>
        <testcase name="it creates a new token" file="tests/Feature/TokenControllerTest.php::it creates a new token" class="Tests\Feature\TokenControllerTest" classname="Tests.Feature.TokenControllerTest" assertions="0" time="0.011379">
          <error type="Illuminate\Encryption\MissingAppKeyException">it creates a new tokenIlluminate\Encryption\MissingAppKeyException: No application encryption key has been specified.
at vendor/laravel/framework/src/Illuminate/Encryption/EncryptionServiceProvider.php:83
at vendor/laravel/framework/src/Illuminate/Support/helpers.php:399
at vendor/laravel/framework/src/Illuminate/Encryption/EncryptionServiceProvider.php:81
at vendor/laravel/framework/src/Illuminate/Encryption/EncryptionServiceProvider.php:64
at vendor/laravel/framework/src/Illuminate/Encryption/EncryptionServiceProvider.php:32
at vendor/laravel/framework/src/Illuminate/Container/Container.php:1153
at vendor/laravel/framework/src/Illuminate/Container/Container.php:971
at vendor/laravel/framework/src/Illuminate/Foundation/Application.php:1077
at vendor/laravel/framework/src/Illuminate/Container/Container.php:902
at vendor/laravel/framework/src/Illuminate/Foundation/Application.php:1057
at vendor/laravel/framework/src/Illuminate/Container/Container.php:1345
at vendor/laravel/framework/src/Illuminate/Container/Container.php:1244
at vendor/laravel/framework/src/Illuminate/Container/Container.php:1195
at vendor/laravel/framework/src/Illuminate/Container/Container.php:971
at vendor/laravel/framework/src/Illuminate/Foundation/Application.php:1077
at vendor/laravel/framework/src/Illuminate/Container/Container.php:902
at vendor/laravel/framework/src/Illuminate/Foundation/Application.php:1057
at vendor/laravel/framework/src/Illuminate/Foundation/Http/Kernel.php:257
at vendor/laravel/framework/src/Illuminate/Foundation/Http/Kernel.php:215
at vendor/laravel/framework/src/Illuminate/Foundation/Testing/Concerns/MakesHttpRequests.php:611
at vendor/laravel/framework/src/Illuminate/Foundation/Testing/Concerns/MakesHttpRequests.php:397
at tests/Feature/TokenControllerTest.php:18</error>
        </testcase>
        <testcase name="it displays the edit token form" file="tests/Feature/TokenControllerTest.php::it displays the edit token form" class="Tests\Feature\TokenControllerTest" classname="Tests.Feature.TokenControllerTest" assertions="0" time="0.012798">
          <error type="Illuminate\Encryption\MissingAppKeyException">it displays the edit token formIlluminate\Encryption\MissingAppKeyException: No application encryption key has been specified.
at vendor/laravel/framework/src/Illuminate/Encryption/EncryptionServiceProvider.php:83
at vendor/laravel/framework/src/Illuminate/Support/helpers.php:399
at vendor/laravel/framework/src/Illuminate/Encryption/EncryptionServiceProvider.php:81
at vendor/laravel/framework/src/Illuminate/Encryption/EncryptionServiceProvider.php:64
at vendor/laravel/framework/src/Illuminate/Encryption/EncryptionServiceProvider.php:32
at vendor/laravel/framework/src/Illuminate/Container/Container.php:1153
at vendor/laravel/framework/src/Illuminate/Container/Container.php:971
at vendor/laravel/framework/src/Illuminate/Foundation/Application.php:1077
at vendor/laravel/framework/src/Illuminate/Container/Container.php:902
at vendor/laravel/framework/src/Illuminate/Foundation/Application.php:1057
at vendor/laravel/framework/src/Illuminate/Container/Container.php:1345
at vendor/laravel/framework/src/Illuminate/Container/Container.php:1244
at vendor/laravel/framework/src/Illuminate/Container/Container.php:1195
at vendor/laravel/framework/src/Illuminate/Container/Container.php:971
at vendor/laravel/framework/src/Illuminate/Foundation/Application.php:1077
at vendor/laravel/framework/src/Illuminate/Container/Container.php:902
at vendor/laravel/framework/src/Illuminate/Foundation/Application.php:1057
at vendor/laravel/framework/src/Illuminate/Foundation/Http/Kernel.php:257
at vendor/laravel/framework/src/Illuminate/Foundation/Http/Kernel.php:215
at vendor/laravel/framework/src/Illuminate/Foundation/Testing/Concerns/MakesHttpRequests.php:611
at vendor/laravel/framework/src/Illuminate/Foundation/Testing/Concerns/MakesHttpRequests.php:368
at tests/Feature/TokenControllerTest.php:25</error>
        </testcase>
        <testcase name="it updates a token" file="tests/Feature/TokenControllerTest.php::it updates a token" class="Tests\Feature\TokenControllerTest" classname="Tests.Feature.TokenControllerTest" assertions="0" time="0.011774">
          <error type="Illuminate\Encryption\MissingAppKeyException">it updates a tokenIlluminate\Encryption\MissingAppKeyException: No application encryption key has been specified.
at vendor/laravel/framework/src/Illuminate/Encryption/EncryptionServiceProvider.php:83
at vendor/laravel/framework/src/Illuminate/Support/helpers.php:399
at vendor/laravel/framework/src/Illuminate/Encryption/EncryptionServiceProvider.php:81
at vendor/laravel/framework/src/Illuminate/Encryption/EncryptionServiceProvider.php:64
at vendor/laravel/framework/src/Illuminate/Encryption/EncryptionServiceProvider.php:32
at vendor/laravel/framework/src/Illuminate/Container/Container.php:1153
at vendor/laravel/framework/src/Illuminate/Container/Container.php:971
at vendor/laravel/framework/src/Illuminate/Foundation/Application.php:1077
at vendor/laravel/framework/src/Illuminate/Container/Container.php:902
at vendor/laravel/framework/src/Illuminate/Foundation/Application.php:1057
at vendor/laravel/framework/src/Illuminate/Container/Container.php:1345
at vendor/laravel/framework/src/Illuminate/Container/Container.php:1244
at vendor/laravel/framework/src/Illuminate/Container/Container.php:1195
at vendor/laravel/framework/src/Illuminate/Container/Container.php:971
at vendor/laravel/framework/src/Illuminate/Foundation/Application.php:1077
at vendor/laravel/framework/src/Illuminate/Container/Container.php:902
at vendor/laravel/framework/src/Illuminate/Foundation/Application.php:1057
at vendor/laravel/framework/src/Illuminate/Foundation/Http/Kernel.php:257
at vendor/laravel/framework/src/Illuminate/Foundation/Http/Kernel.php:215
at vendor/laravel/framework/src/Illuminate/Foundation/Testing/Concerns/MakesHttpRequests.php:611
at vendor/laravel/framework/src/Illuminate/Foundation/Testing/Concerns/MakesHttpRequests.php:427
at tests/Feature/TokenControllerTest.php:32</error>
        </testcase>
        <testcase name="it deletes a token" file="tests/Feature/TokenControllerTest.php::it deletes a token" class="Tests\Feature\TokenControllerTest" classname="Tests.Feature.TokenControllerTest" assertions="0" time="0.011202">
          <error type="Illuminate\Encryption\MissingAppKeyException">it deletes a tokenIlluminate\Encryption\MissingAppKeyException: No application encryption key has been specified.
at vendor/laravel/framework/src/Illuminate/Encryption/EncryptionServiceProvider.php:83
at vendor/laravel/framework/src/Illuminate/Support/helpers.php:399
at vendor/laravel/framework/src/Illuminate/Encryption/EncryptionServiceProvider.php:81
at vendor/laravel/framework/src/Illuminate/Encryption/EncryptionServiceProvider.php:64
at vendor/laravel/framework/src/Illuminate/Encryption/EncryptionServiceProvider.php:32
at vendor/laravel/framework/src/Illuminate/Container/Container.php:1153
at vendor/laravel/framework/src/Illuminate/Container/Container.php:971
at vendor/laravel/framework/src/Illuminate/Foundation/Application.php:1077
at vendor/laravel/framework/src/Illuminate/Container/Container.php:902
at vendor/laravel/framework/src/Illuminate/Foundation/Application.php:1057
at vendor/laravel/framework/src/Illuminate/Container/Container.php:1345
at vendor/laravel/framework/src/Illuminate/Container/Container.php:1244
at vendor/laravel/framework/src/Illuminate/Container/Container.php:1195
at vendor/laravel/framework/src/Illuminate/Container/Container.php:971
at vendor/laravel/framework/src/Illuminate/Foundation/Application.php:1077
at vendor/laravel/framework/src/Illuminate/Container/Container.php:902
at vendor/laravel/framework/src/Illuminate/Foundation/Application.php:1057
at vendor/laravel/framework/src/Illuminate/Foundation/Http/Kernel.php:257
at vendor/laravel/framework/src/Illuminate/Foundation/Http/Kernel.php:215
at vendor/laravel/framework/src/Illuminate/Foundation/Testing/Concerns/MakesHttpRequests.php:611
at vendor/laravel/framework/src/Illuminate/Foundation/Testing/Concerns/MakesHttpRequests.php:487
at tests/Feature/TokenControllerTest.php:39</error>
        </testcase>
      </testsuite>
    </testsuite>
  </testsuite>
</testsuites>
